CRITICAL - 2024-01-09 09:53:34 --> Undefined variable $images
in APPPATH\Views\Accueil.php on line 2.
 1 APPPATH\Views\Accueil.php(2): CodeIgniter\Debug\Exceptions->errorHandler(2, 'Undefined variable $images', 'C:\\wamp64_2SIO\\www\\geek4fun.fr\\app\\Views\\Accueil.php', 2)
 2 SYSTEMPATH\View\View.php(228): include('C:\\wamp64_2SIO\\www\\geek4fun.fr\\app\\Views\\Accueil.php')
 3 SYSTEMPATH\View\View.php(231): CodeIgniter\View\View->CodeIgniter\View\{closure}()
 4 SYSTEMPATH\Common.php(1190): CodeIgniter\View\View->render('Accueil', [], true)
 5 APPPATH\Controllers\PrincipaleController.php(14): view('Accueil')
 6 SYSTEMPATH\CodeIgniter.php(942): App\Controllers\PrincipaleController->index()
 7 SYSTEMPATH\CodeIgniter.php(502): CodeIgniter\CodeIgniter->runController(Object(App\Controllers\PrincipaleController))
 8 SYSTEMPATH\CodeIgniter.php(361): CodeIgniter\CodeIgniter->handleRequest(null, Object(Config\Cache), false)
 9 FCPATH\index.php(79): CodeIgniter\CodeIgniter->run()
CRITICAL - 2024-01-09 10:11:41 --> syntax error, unexpected end of file
in APPPATH\Views\Accueil.php on line 24.
 1 SYSTEMPATH\View\View.php(231): CodeIgniter\View\View->CodeIgniter\View\{closure}()
 2 SYSTEMPATH\Common.php(1190): CodeIgniter\View\View->render('Accueil', [], true)
 3 APPPATH\Controllers\PrincipaleController.php(14): view('Accueil')
 4 SYSTEMPATH\CodeIgniter.php(942): App\Controllers\PrincipaleController->index()
 5 SYSTEMPATH\CodeIgniter.php(502): CodeIgniter\CodeIgniter->runController(Object(App\Controllers\PrincipaleController))
 6 SYSTEMPATH\CodeIgniter.php(361): CodeIgniter\CodeIgniter->handleRequest(null, Object(Config\Cache), false)
 7 FCPATH\index.php(79): CodeIgniter\CodeIgniter->run()
